<beans xmlns="http://www.springframework.org/schema/beans"
       xmlns:mvc="http://www.springframework.org/schema/mvc"
       xmlns:context="http://www.springframework.org/schema/context"
       xmlns:xsi="http://www.w3.org/2001/XMLSchema-instance"
       xmlns:tx="http://www.springframework.org/schema/tx"
       xsi:schemaLocation="
        http://www.springframework.org/schema/beans
        http://www.springframework.org/schema/beans/spring-beans.xsd
        http://www.springframework.org/schema/tx
        http://www.springframework.org/schema/tx/spring-tx.xsd
        http://www.springframework.org/schema/mvc
        http://www.springframework.org/schema/mvc/spring-mvc.xsd
        http://www.springframework.org/schema/context
        http://www.springframework.org/schema/context/spring-context.xsd">
<!--

    <context:component-scan base-package="af.core.repository.impl.jpa"/>

    &lt;!&ndash;http://h2database.com/html/cheatSheet.html&ndash;&gt;
    <bean id="dataSource" class="org.apache.commons.dbcp2.BasicDataSource">
        <property name="username" value="sa"/>
        <property name="password" value="sa"/>
        <property name="url" value="jdbc:h2:mem:test"/>
        <property name="driverClassName" value="org.h2.Driver"/>
    </bean>

    <bean id="entityManagerFactory" class="org.springframework.orm.jpa.LocalContainerEntityManagerFactoryBean">
        <property name="dataSource" ref="dataSource"/>
        <property name="jpaVendorAdapter">
            &lt;!&ndash; Use Hibernate as JPA impl &ndash;&gt;
            <bean class="org.springframework.orm.jpa.vendor.HibernateJpaVendorAdapter"/>
        </property>

        <property name="jpaProperties">
            <map>
                &lt;!&ndash; Specifies the properties for JPA how to generate the db &ndash;&gt;
                <entry key="hibernate.hbm2ddl.auto" value="create-drop"/> &lt;!&ndash; Created and Dropped along with SessionFactory Create and Close&ndash;&gt;
                &lt;!&ndash; Show SQL &ndash;&gt;
                <entry key="hibernate.show_sql" value="true"/>
            </map>
        </property>
        &lt;!&ndash; Specifies the directory where the entities are located &ndash;&gt;
        <property name="packagesToScan" value="af.core.entity"/>
    </bean>

    &lt;!&ndash; Enables the configuration of transactional behavior based on annotations &ndash;&gt;
    <tx:annotation-driven/>  &lt;!&ndash;looks for @Transactional on beans in the same application context they are defined in. This means that, if you put annotation driven configuration in a WebApplicationContext for a DispatcherServlet, it only checks for @Transactional beans in your controllers, and not your services. See Section 17.2, “The DispatcherServlet” for more information.&ndash;&gt;

    <bean id="transactionManager" class="org.springframework.orm.jpa.JpaTransactionManager"/>
-->


</beans>